[2019-09-11 08:24:19] Encontros Universitarios.INFO: '/' route [] {"uid":"9a61156"}
[2019-09-11 08:24:31] Encontros Universitarios.INFO: '/acomodacoes' route [] {"uid":"e170c2c"}
[2019-09-11 08:24:33] Encontros Universitarios.INFO: '/' route [] {"uid":"aaae0bd"}
[2019-09-11 08:35:14] Encontros Universitarios.INFO: '/editais' route [] {"uid":"d6e2dd3"}
[2019-09-11 08:35:20] Encontros Universitarios.INFO: '/noticias' route [] {"uid":"6b307d6"}
[2019-09-11 08:35:27] Encontros Universitarios.INFO: '/acomodacoes' route [] {"uid":"adbb32d"}
[2019-09-11 08:59:03] Encontros Universitarios.INFO: '/' route [] {"uid":"7d47757"}
[2019-09-13 09:56:46] Encontros Universitarios.INFO: '/' route [] {"uid":"f0e410d"}
[2019-09-13 09:56:48] Encontros Universitarios.INFO: '/' route [] {"uid":"945874e"}
[2019-09-13 09:56:51] Encontros Universitarios.INFO: '/editais' route [] {"uid":"b6d6d07"}
[2019-09-13 09:56:54] Encontros Universitarios.INFO: '/noticias' route [] {"uid":"c45d55c"}
[2019-09-13 09:56:58] Encontros Universitarios.INFO: '/' route [] {"uid":"c0c3f64"}
[2019-09-13 09:57:04] Encontros Universitarios.INFO: '/oficinas' route [] {"uid":"a01b5c8"}
[2019-09-13 10:07:01] Encontros Universitarios.INFO: '/' route [] {"uid":"d81476f"}
[2019-09-13 10:07:10] Encontros Universitarios.INFO: '/acomodacoes' route [] {"uid":"8bd8146"}
[2019-09-13 10:07:13] Encontros Universitarios.INFO: '/acomodacoes' route [] {"uid":"6998380"}
[2019-09-13 10:07:16] Encontros Universitarios.INFO: '/acomodacoes' route [] {"uid":"d617c8d"}
[2019-09-13 10:07:41] Encontros Universitarios.INFO: '/acomodacoes' route [] {"uid":"c44929d"}
[2019-09-13 10:08:19] Encontros Universitarios.INFO: '/acomodacoes' route [] {"uid":"d2dd8b4"}
[2019-09-13 10:08:20] Encontros Universitarios.INFO: '/acomodacoes' route [] {"uid":"ee1fb84"}
[2019-09-13 10:08:48] Encontros Universitarios.INFO: '/' route [] {"uid":"b68508c"}
[2019-09-13 10:08:55] Encontros Universitarios.INFO: '/apresentacoes' route [] {"uid":"6891bc1"}
[2019-09-13 10:10:50] Encontros Universitarios.INFO: '/acomodacoes' route [] {"uid":"ec10867"}
[2019-09-13 10:11:28] Encontros Universitarios.INFO: '/acomodacoes' route [] {"uid":"0a84055"}
[2019-09-13 10:12:43] Encontros Universitarios.INFO: '/acomodacoes' route [] {"uid":"271609d"}
[2019-09-13 10:36:16] Encontros Universitarios.INFO: '/' route [] {"uid":"f829855"}
[2019-09-13 10:46:50] Encontros Universitarios.INFO: '/acomodacoes' route [] {"uid":"55d5388"}
[2019-09-13 10:49:14] Encontros Universitarios.INFO: '/acomodacoes' route [] {"uid":"36c5b0f"}
[2019-09-13 10:53:07] Encontros Universitarios.INFO: '/' route [] {"uid":"03636b5"}
[2019-09-13 10:53:08] Encontros Universitarios.INFO: '/' route [] {"uid":"bddc8f3"}
[2019-09-16 09:05:55] Encontros Universitarios.INFO: '/' route [] {"uid":"a9b8b31"}
[2019-09-16 09:05:57] Encontros Universitarios.INFO: '/' route [] {"uid":"1c457f1"}
[2019-09-16 09:55:54] Encontros Universitarios.INFO: '/' route [] {"uid":"c4492d2"}
[2019-09-16 10:42:45] Encontros Universitarios.INFO: '/' route [] {"uid":"72cc28c"}
[2019-09-16 10:45:41] Encontros Universitarios.INFO: '/' route [] {"uid":"834367b"}
[2019-09-16 10:45:45] Encontros Universitarios.INFO: '/' route [] {"uid":"22cab65"}
[2019-09-16 11:16:54] Encontros Universitarios.INFO: '/' route [] {"uid":"d1e833c"}
[2019-09-16 13:48:33] Encontros Universitarios.INFO: '/' route [] {"uid":"f8e042d"}
[2019-09-16 13:48:34] Encontros Universitarios.INFO: '/' route [] {"uid":"c926d65"}
[2019-09-16 13:48:40] Encontros Universitarios.INFO: '/' route [] {"uid":"aeb18d2"}
[2019-09-16 13:50:22] Encontros Universitarios.INFO: '/' route [] {"uid":"7cd6142"}
[2019-09-16 13:51:31] Encontros Universitarios.INFO: '/' route [] {"uid":"b850e51"}
[2019-09-16 14:31:30] Encontros Universitarios.INFO: '/' route [] {"uid":"4334d58"}
[2019-09-17 08:06:37] Encontros Universitarios.INFO: '/' route [] {"uid":"b0aef15"}
[2019-09-17 08:06:38] Encontros Universitarios.INFO: '/' route [] {"uid":"fe7b9be"}
[2019-09-17 08:26:46] Encontros Universitarios.INFO: '/' route [] {"uid":"6384e89"}
[2019-09-17 08:30:25] Encontros Universitarios.INFO: '/' route [] {"uid":"e380fb7"}
[2019-09-17 08:32:13] Encontros Universitarios.INFO: '/' route [] {"uid":"8d5b3e6"}
[2019-09-17 08:33:42] Encontros Universitarios.INFO: '/' route [] {"uid":"abc34e0"}
[2019-09-17 09:51:03] Encontros Universitarios.INFO: '/' route [] {"uid":"bb8ae28"}
[2019-09-17 09:51:05] Encontros Universitarios.INFO: '/' route [] {"uid":"096770c"}
[2019-09-18 08:16:44] Encontros Universitarios.INFO: '/' route [] {"uid":"526e024"}
[2019-09-18 08:16:44] Encontros Universitarios.INFO: '/' route [] {"uid":"bcf54f1"}
[2019-09-18 08:58:47] Encontros Universitarios.INFO: '/' route [] {"uid":"fb59358"}
[2019-09-18 09:00:04] Encontros Universitarios.INFO: '/' route [] {"uid":"33b5a57"}
[2019-09-18 09:01:05] Encontros Universitarios.INFO: '/' route [] {"uid":"b4a031c"}
[2019-09-18 09:01:34] Encontros Universitarios.INFO: '/' route [] {"uid":"e77ac9f"}
[2019-09-18 09:01:59] Encontros Universitarios.INFO: '/' route [] {"uid":"cd07e2d"}
[2019-09-18 09:19:31] Encontros Universitarios.INFO: '/site-EU/' route [] {"uid":"9a72f7f"}
[2019-09-18 09:24:33] Encontros Universitarios.INFO: '/site-EU/' route [] {"uid":"0ec9a22"}
[2019-09-18 09:25:06] Encontros Universitarios.INFO: '/site-EU/admin' route [] {"uid":"75b69a9"}
[2019-09-18 09:25:36] Encontros Universitarios.INFO: '/site-EU/admin' route [] {"uid":"a78b674"}
[2019-09-18 09:25:51] Encontros Universitarios.INFO: '/site-EU/admin' route [] {"uid":"56f65b2"}
[2019-09-18 09:45:41] Encontros Universitarios.INFO: '/site-EU/admin/dashboard' route [] {"uid":"5c4e1a2"}
[2019-09-18 09:46:35] Encontros Universitarios.INFO: '/site-EU/admin/' route [] {"uid":"8553789"}
[2019-09-18 09:47:44] Encontros Universitarios.INFO: '/site-EU/admin/dashboard' route [] {"uid":"1f732a6"}
[2019-09-18 09:47:57] Encontros Universitarios.INFO: '/site-EU/admin/sair' route [] {"uid":"396adf5"}
[2019-09-18 09:47:57] Encontros Universitarios.INFO: '/site-EU/admin' route [] {"uid":"159fad2"}
[2019-09-18 09:48:08] Encontros Universitarios.INFO: '/site-EU/admin' route [] {"uid":"d90e77f"}
[2019-09-18 09:48:36] Encontros Universitarios.INFO: '/site-EU/admin/dashboard' route [] {"uid":"6f0be92"}
[2019-09-18 09:48:39] Encontros Universitarios.INFO: '/site-EU/admin/dashboard' route [] {"uid":"438e35e"}
[2019-09-18 09:48:45] Encontros Universitarios.INFO: '/site-EU/admin/dashboard' route [] {"uid":"7f3243c"}
[2019-09-18 09:48:47] Encontros Universitarios.INFO: '/site-EU/admin/dashboard' route [] {"uid":"d84e47f"}
[2019-09-18 09:48:51] Encontros Universitarios.INFO: '/site-EU/admin/sair' route [] {"uid":"4512301"}
[2019-09-18 09:48:51] Encontros Universitarios.INFO: '/site-EU/admin' route [] {"uid":"2c90a27"}
[2019-09-18 09:49:04] Encontros Universitarios.INFO: '/site-EU/admin' route [] {"uid":"05509f2"}
[2019-09-18 09:49:32] Encontros Universitarios.INFO: '/site-EU/admin/dashboard' route [] {"uid":"f69442e"}
[2019-09-18 09:49:36] Encontros Universitarios.INFO: '/site-EU/admin/sair' route [] {"uid":"ba0fb5d"}
[2019-09-18 09:49:36] Encontros Universitarios.INFO: '/site-EU/admin' route [] {"uid":"ac0f5f9"}
[2019-09-18 09:49:44] Encontros Universitarios.INFO: '/site-EU/admin' route [] {"uid":"6f6c014"}
[2019-09-18 09:49:44] Encontros Universitarios.INFO: '/site-EU/admin/dashboard' route [] {"uid":"64c0fd3"}
[2019-09-18 09:49:51] Encontros Universitarios.INFO: '/site-EU/admin/anos' route [] {"uid":"34740a7"}
[2019-09-18 09:50:43] Encontros Universitarios.INFO: '/site-EU/admin/dashboard' route [] {"uid":"93b172c"}
[2019-09-18 09:50:59] Encontros Universitarios.INFO: '/site-EU/admin/areas' route [] {"uid":"9a1f70e"}
[2019-09-18 09:51:03] Encontros Universitarios.INFO: '/site-EU/admin/areas_modificacoes' route [] {"uid":"eeefce5"}
[2019-09-18 09:51:03] Encontros Universitarios.INFO: '/site-EU/admin/areas_modificacoes' route [] {"uid":"eeefce5"}
[2019-09-18 09:51:04] Encontros Universitarios.INFO: '/site-EU/admin/areas' route [] {"uid":"6952dde"}
[2019-09-18 09:51:07] Encontros Universitarios.INFO: '/site-EU/admin/areas_modificacoes/1' route [] {"uid":"ffe1cf5"}
[2019-09-18 09:51:07] Encontros Universitarios.INFO: '/site-EU/admin/areas_modificacoes/1' route [] {"uid":"ffe1cf5"}
[2019-09-18 09:51:10] Encontros Universitarios.INFO: '/site-EU/admin/areas_modificacoes/1' route [] {"uid":"c885e2e"}
[2019-09-18 09:51:10] Encontros Universitarios.INFO: '/site-EU/admin/areas_modificacoes/1' route [] {"uid":"c885e2e"}
[2019-09-18 09:51:10] Encontros Universitarios.INFO: '/site-EU/admin/areas_modificacoes/1' route [] {"uid":"c885e2e"}
[2019-09-18 09:51:17] Encontros Universitarios.INFO: '/site-EU/admin/noticias' route [] {"uid":"a9f47d2"}
[2019-09-18 09:51:29] Encontros Universitarios.INFO: '/site-EU/admin/usuarios' route [] {"uid":"1fd1435"}
[2019-09-18 09:51:32] Encontros Universitarios.INFO: '/site-EU/admin/areas' route [] {"uid":"e38811b"}
[2019-09-18 09:51:35] Encontros Universitarios.INFO: '/site-EU/admin/areas_modificacoes/1' route [] {"uid":"f411d3e"}
[2019-09-18 09:51:35] Encontros Universitarios.INFO: '/site-EU/admin/areas_modificacoes/1' route [] {"uid":"f411d3e"}
[2019-09-18 09:51:37] Encontros Universitarios.INFO: '/site-EU/admin/areas_modificacoes/1' route [] {"uid":"e01b7ec"}
[2019-09-18 09:51:38] Encontros Universitarios.INFO: '/site-EU/admin/areas' route [] {"uid":"c5fb5f6"}
[2019-09-18 09:56:53] Encontros Universitarios.INFO: '/site-EU/admin/areas' route [] {"uid":"af2cbd4"}
[2019-09-18 09:56:57] Encontros Universitarios.INFO: '/site-EU/admin/sair' route [] {"uid":"95f6331"}
[2019-09-18 09:56:57] Encontros Universitarios.INFO: '/site-EU/admin' route [] {"uid":"f9d0f71"}
[2019-09-18 09:57:01] Encontros Universitarios.INFO: '/site-EU/' route [] {"uid":"d921182"}
[2019-09-18 09:58:57] Encontros Universitarios.INFO: '/site-EU/' route [] {"uid":"5b7a40c"}
[2019-09-18 10:18:23] Encontros Universitarios.INFO: '/site-EU/' route [] {"uid":"6b7959d"}
[2019-09-18 10:20:01] Encontros Universitarios.INFO: '/site-EU/' route [] {"uid":"4fb6125"}
[2019-09-18 10:20:41] Encontros Universitarios.INFO: '/site-EU/' route [] {"uid":"9ed3b1e"}
[2019-09-18 10:23:37] Encontros Universitarios.INFO: '/site-EU/' route [] {"uid":"a5d3f90"}
[2019-09-18 10:23:43] Encontros Universitarios.INFO: '/site-EU/' route [] {"uid":"d74d99b"}
[2019-09-18 10:35:57] Encontros Universitarios.INFO: '/site-EU/' route [] {"uid":"6e6c57a"}
[2019-09-18 10:36:06] Encontros Universitarios.INFO: '/site-EU/acomodacoes' route [] {"uid":"95b4caa"}
[2019-09-18 10:37:02] Encontros Universitarios.INFO: '/site-EU/acomodacoes' route [] {"uid":"7b6dc75"}
[2019-09-18 10:37:30] Encontros Universitarios.INFO: '/site-EU/admin' route [] {"uid":"b4fdcec"}
[2019-09-18 10:37:38] Encontros Universitarios.INFO: '/site-EU/admin' route [] {"uid":"e9eb1ce"}
[2019-09-18 10:37:38] Encontros Universitarios.INFO: '/site-EU/admin/dashboard' route [] {"uid":"2c8d34e"}
[2019-09-18 10:37:44] Encontros Universitarios.INFO: '/site-EU/admin/dashboard' route [] {"uid":"781a6d7"}
[2019-09-18 10:37:47] Encontros Universitarios.INFO: '/site-EU/admin/sair' route [] {"uid":"6d33abf"}
[2019-09-18 10:37:47] Encontros Universitarios.INFO: '/site-EU/admin' route [] {"uid":"00c0778"}
[2019-09-18 10:37:51] Encontros Universitarios.INFO: '/site-EU/' route [] {"uid":"149f65e"}
[2019-09-18 10:38:27] Encontros Universitarios.INFO: '/site-EU/' route [] {"uid":"1e3d3a2"}
[2019-09-18 15:10:19] Encontros Universitarios.INFO: '/site-EU/' route [] {"uid":"45fd707"}
[2019-09-18 15:37:23] Encontros Universitarios.INFO: '/site-EU/apresentacoes' route [] {"uid":"b6ea544"}
[2019-09-18 15:37:32] Encontros Universitarios.INFO: '/site-EU/' route [] {"uid":"8dec94e"}
[2019-09-18 15:42:44] Encontros Universitarios.INFO: '/site-EU/acomodacoes' route [] {"uid":"8c434be"}
[2019-09-18 15:46:43] Encontros Universitarios.INFO: '/site-EU/acomodacoes' route [] {"uid":"f6845ab"}
[2019-09-18 15:46:43] Encontros Universitarios.INFO: '/site-EU/acomodacoes' route [] {"uid":"56ad576"}
[2019-09-18 15:46:46] Encontros Universitarios.INFO: '/site-EU/noticias' route [] {"uid":"d3e8f66"}
[2019-09-18 15:55:03] Encontros Universitarios.INFO: '/site-EU/' route [] {"uid":"e7f4f57"}
[2019-09-18 15:55:06] Encontros Universitarios.INFO: '/site-EU/' route [] {"uid":"d0c7121"}
[2019-09-18 15:55:29] Encontros Universitarios.INFO: '/site-EU/acomodacoes' route [] {"uid":"ec95fea"}
[2019-09-23 09:08:01] Encontros Universitarios.INFO: '/site-EU/' route [] {"uid":"d7637a1"}
[2019-09-23 08:57:16] Encontros Universitarios.INFO: '/acomodacoes' route [] {"uid":"30e401a"}
[2019-09-23 09:36:56] Encontros Universitarios.INFO: '/site-EU/' route [] {"uid":"359226a"}
[2019-09-23 09:39:50] Encontros Universitarios.INFO: '/site-EU/' route [] {"uid":"5a45771"}
[2019-09-23 09:41:58] Encontros Universitarios.INFO: '/site-EU/' route [] {"uid":"102b1b9"}
[2019-09-23 09:42:15] Encontros Universitarios.INFO: '/site-EU/' route [] {"uid":"a4b3042"}
[2019-09-23 09:43:47] Encontros Universitarios.INFO: '/site-EU/apresentacoes' route [] {"uid":"630c452"}
[2019-09-23 09:51:26] Encontros Universitarios.INFO: '/site-EU/' route [] {"uid":"06e9619"}
[2019-09-23 09:51:42] Encontros Universitarios.INFO: '/site-EU/' route [] {"uid":"9f2da37"}
[2019-09-23 09:52:33] Encontros Universitarios.INFO: '/site-EU/palco_mix' route [] {"uid":"571ecdd"}
[2019-09-23 09:53:53] Encontros Universitarios.INFO: '/site-EU/' route [] {"uid":"782fc98"}
[2019-09-23 09:54:09] Encontros Universitarios.INFO: '/site-EU/mostra_audiovisual' route [] {"uid":"052d75a"}
[2019-09-23 09:54:19] Encontros Universitarios.INFO: '/site-EU/mostra_audiovisual' route [] {"uid":"f14f292"}
[2019-09-23 09:54:24] Encontros Universitarios.INFO: '/site-EU/feira_de_artesanato' route [] {"uid":"2bff0c6"}
[2019-09-23 09:54:25] Encontros Universitarios.INFO: '/site-EU/espaco_gastronomico' route [] {"uid":"cb4b1d4"}
[2019-09-23 10:23:04] Encontros Universitarios.INFO: '/site-EU/admin' route [] {"uid":"d59b7c0"}
[2019-09-23 10:23:13] Encontros Universitarios.INFO: '/site-EU/admin' route [] {"uid":"a9b7104"}
[2019-09-23 10:23:13] Encontros Universitarios.INFO: '/site-EU/admin/dashboard' route [] {"uid":"86c9d6d"}
[2019-09-23 10:23:28] Encontros Universitarios.INFO: '/site-EU/editais' route [] {"uid":"f651d28"}
[2019-09-23 10:38:00] Encontros Universitarios.INFO: '/site-EU/admin/cursos_oficinas' route [] {"uid":"5377ed5"}
[2019-09-23 10:39:47] Encontros Universitarios.INFO: '/site-EU/admin/cursos_oficinas_modificacoes' route [] {"uid":"2906374"}
[2019-09-23 10:39:47] Encontros Universitarios.INFO: '/site-EU/admin/cursos_oficinas_modificacoes' route [] {"uid":"2906374"}
[2019-09-23 10:40:16] Encontros Universitarios.INFO: '/site-EU/admin/cursos_oficinas_modificacoes' route [] {"uid":"cbce2df"}
[2019-09-23 10:40:16] Encontros Universitarios.INFO: '/site-EU/admin/cursos_oficinas_modificacoes' route [] {"uid":"cbce2df"}
[2019-09-23 10:40:30] Encontros Universitarios.INFO: '/site-EU/admin/cursos_oficinas_modificacoes' route [] {"uid":"ab0d931"}
[2019-09-23 10:40:30] Encontros Universitarios.INFO: '/site-EU/admin/cursos_oficinas_modificacoes' route [] {"uid":"ab0d931"}
[2019-09-23 10:40:37] Encontros Universitarios.INFO: '/site-EU/admin/cursos_oficinas_modificacoes' route [] {"uid":"7d1e51f"}
[2019-09-23 10:40:37] Encontros Universitarios.INFO: '/site-EU/admin/cursos_oficinas_modificacoes' route [] {"uid":"7d1e51f"}
[2019-09-23 10:40:44] Encontros Universitarios.INFO: '/site-EU/admin/cursos_oficinas_modificacoes' route [] {"uid":"6df7ca8"}
[2019-09-23 10:40:44] Encontros Universitarios.INFO: '/site-EU/admin/cursos_oficinas_modificacoes' route [] {"uid":"6df7ca8"}
[2019-09-23 10:41:07] Encontros Universitarios.INFO: '/site-EU/admin/cursos_oficinas_modificacoes' route [] {"uid":"1d07dbc"}
[2019-09-23 10:41:07] Encontros Universitarios.INFO: '/site-EU/admin/cursos_oficinas_modificacoes' route [] {"uid":"1d07dbc"}
[2019-09-23 10:41:14] Encontros Universitarios.INFO: '/site-EU/admin/cursos_oficinas_modificacoes' route [] {"uid":"7ccda1c"}
[2019-09-23 10:41:14] Encontros Universitarios.INFO: '/site-EU/admin/cursos_oficinas_modificacoes' route [] {"uid":"7ccda1c"}
[2019-09-23 10:43:34] Encontros Universitarios.INFO: '/site-EU/admin/cursos_oficinas_modificacoes' route [] {"uid":"a96d9a3"}
[2019-09-23 10:43:34] Encontros Universitarios.INFO: '/site-EU/admin/cursos_oficinas_modificacoes' route [] {"uid":"a96d9a3"}
[2019-09-23 10:43:53] Encontros Universitarios.INFO: '/site-EU/admin/cursos_oficinas_modificacoes' route [] {"uid":"02f206b"}
[2019-09-23 10:43:53] Encontros Universitarios.INFO: '/site-EU/admin/cursos_oficinas' route [] {"uid":"e3bbd90"}
[2019-09-23 10:43:59] Encontros Universitarios.INFO: '/site-EU/' route [] {"uid":"a2406fc"}
[2019-09-23 10:44:17] Encontros Universitarios.INFO: '/site-EU/mini_cursos' route [] {"uid":"ed6fa1c"}
[2019-09-23 10:45:20] Encontros Universitarios.INFO: '/site-EU/admin/cursos_oficinas' route [] {"uid":"92130a1"}
[2019-09-23 10:45:22] Encontros Universitarios.INFO: '/site-EU/mini_cursos' route [] {"uid":"77c827f"}
[2019-09-23 10:45:41] Encontros Universitarios.INFO: '/site-EU/mini_cursos' route [] {"uid":"d99129f"}
[2019-09-23 10:45:43] Encontros Universitarios.INFO: '/site-EU/mini_cursos' route [] {"uid":"975e03a"}
[2019-09-23 10:45:49] Encontros Universitarios.INFO: '/site-EU/mini_cursos' route [] {"uid":"f8c3c00"}
[2019-09-23 10:45:51] Encontros Universitarios.INFO: '/site-EU/mini_cursos' route [] {"uid":"d2dd560"}
[2019-09-23 10:46:30] Encontros Universitarios.INFO: '/site-EU/mini_cursos' route [] {"uid":"75baaf0"}
[2019-09-23 10:48:38] Encontros Universitarios.INFO: '/site-EU/admin/cursos_oficinas_modificacoes/1' route [] {"uid":"742f7c3"}
[2019-09-23 10:48:38] Encontros Universitarios.INFO: '/site-EU/admin/cursos_oficinas_modificacoes/1' route [] {"uid":"742f7c3"}
[2019-09-23 10:48:45] Encontros Universitarios.INFO: '/site-EU/admin/cursos_oficinas' route [] {"uid":"d331b13"}
[2019-09-23 10:48:50] Encontros Universitarios.INFO: '/site-EU/admin/cursos_oficinas_modificacoes/1' route [] {"uid":"a272db0"}
[2019-09-23 10:48:50] Encontros Universitarios.INFO: '/site-EU/admin/cursos_oficinas_modificacoes/1' route [] {"uid":"a272db0"}
[2019-09-23 10:49:04] Encontros Universitarios.INFO: '/site-EU/admin/cursos_oficinas_modificacoes/1' route [] {"uid":"3505772"}
[2019-09-23 10:49:05] Encontros Universitarios.INFO: '/site-EU/admin/cursos_oficinas_modificacoes/1' route [] {"uid":"3505772"}
[2019-09-23 10:49:08] Encontros Universitarios.INFO: '/site-EU/admin/cursos_oficinas_modificacoes/1' route [] {"uid":"c3aeb33"}
[2019-09-23 10:49:08] Encontros Universitarios.INFO: '/site-EU/admin/cursos_oficinas_modificacoes/1' route [] {"uid":"c3aeb33"}
[2019-09-23 10:49:17] Encontros Universitarios.INFO: '/site-EU/admin/cursos_oficinas_modificacoes/1' route [] {"uid":"118a66b"}
[2019-09-23 10:49:17] Encontros Universitarios.INFO: '/site-EU/admin/cursos_oficinas' route [] {"uid":"7820bd5"}
[2019-09-23 10:49:24] Encontros Universitarios.INFO: '/site-EU/oficinas' route [] {"uid":"7429f67"}
[2019-09-23 10:49:34] Encontros Universitarios.INFO: '/site-EU/admin/palestras' route [] {"uid":"1721f11"}
[2019-09-23 10:49:38] Encontros Universitarios.INFO: '/site-EU/admin/palestras_modificacoes' route [] {"uid":"d41cef8"}
[2019-09-23 10:49:38] Encontros Universitarios.INFO: '/site-EU/admin/palestras_modificacoes' route [] {"uid":"d41cef8"}
[2019-09-23 10:50:38] Encontros Universitarios.INFO: '/site-EU/admin/palestras' route [] {"uid":"f394f93"}
[2019-09-23 10:53:23] Encontros Universitarios.INFO: '/site-EU/admin/palestras' route [] {"uid":"f06bfae"}
[2019-09-23 10:53:25] Encontros Universitarios.INFO: '/site-EU/admin/palestras_modificacoes' route [] {"uid":"414db41"}
[2019-09-23 10:53:25] Encontros Universitarios.INFO: '/site-EU/admin/palestras_modificacoes' route [] {"uid":"414db41"}
[2019-09-23 10:53:39] Encontros Universitarios.INFO: '/site-EU/admin/palestras_modificacoes' route [] {"uid":"0bb75ac"}
[2019-09-23 10:53:39] Encontros Universitarios.INFO: '/site-EU/admin/palestras' route [] {"uid":"926583b"}
[2019-09-23 10:53:57] Encontros Universitarios.INFO: '/site-EU/palestras' route [] {"uid":"9050a52"}
[2019-09-23 10:54:21] Encontros Universitarios.INFO: '/site-EU/palestras' route [] {"uid":"c4a1685"}
[2019-09-23 11:02:24] Encontros Universitarios.INFO: '/site-EU/admin/palestras_modificacoes' route [] {"uid":"dc80c1d"}
[2019-09-23 11:02:24] Encontros Universitarios.INFO: '/site-EU/admin/palestras_modificacoes' route [] {"uid":"dc80c1d"}
[2019-09-23 11:02:30] Encontros Universitarios.INFO: '/site-EU/admin/cursos_oficinas' route [] {"uid":"1d94631"}
[2019-09-23 11:02:33] Encontros Universitarios.INFO: '/site-EU/admin/cursos_oficinas_modificacoes' route [] {"uid":"a087de5"}
[2019-09-23 11:02:33] Encontros Universitarios.INFO: '/site-EU/admin/cursos_oficinas_modificacoes' route [] {"uid":"a087de5"}
[2019-09-23 15:43:21] Encontros Universitarios.INFO: '/site-EU/' route [] {"uid":"504a959"}
[2019-09-23 15:44:10] Encontros Universitarios.INFO: '/site-EU/mini_cursos' route [] {"uid":"e3def4a"}
[2019-09-23 15:44:20] Encontros Universitarios.INFO: '/site-EU/noticias' route [] {"uid":"e5149f5"}
[2019-09-23 15:44:26] Encontros Universitarios.INFO: '/site-EU/editais' route [] {"uid":"be34a94"}
[2019-09-23 15:44:35] Encontros Universitarios.INFO: '/site-EU/' route [] {"uid":"e8b495b"}
[2019-09-23 15:46:25] Encontros Universitarios.INFO: '/site-EU/admin' route [] {"uid":"a206ac8"}
[2019-09-23 15:46:33] Encontros Universitarios.INFO: '/site-EU/admin' route [] {"uid":"59d7d04"}
[2019-09-23 15:46:33] Encontros Universitarios.INFO: '/site-EU/admin/dashboard' route [] {"uid":"0d59d61"}
[2019-09-23 15:47:18] Encontros Universitarios.INFO: '/site-EU/admin/cursos_oficinas' route [] {"uid":"6f49cc7"}
[2019-09-23 15:47:23] Encontros Universitarios.INFO: '/site-EU/admin/cursos_oficinas_modificacoes' route [] {"uid":"1a305e7"}
[2019-09-23 15:47:23] Encontros Universitarios.INFO: '/site-EU/admin/cursos_oficinas_modificacoes' route [] {"uid":"1a305e7"}
[2019-09-23 16:01:56] Encontros Universitarios.INFO: '/site-EU/' route [] {"uid":"22ba6b9"}
[2019-09-23 16:12:15] Encontros Universitarios.INFO: '/site-EU/' route [] {"uid":"9d2393c"}
[2019-09-23 16:12:19] Encontros Universitarios.INFO: '/site-EU/admin/dashboard' route [] {"uid":"0d0b906"}
[2019-09-23 16:21:51] Encontros Universitarios.INFO: '/site-EU/admin/dashboard' route [] {"uid":"8338605"}
[2019-09-23 16:26:24] Encontros Universitarios.INFO: '/site-EU/admin/dashboard' route [] {"uid":"f8178a7"}
[2019-09-23 16:26:51] Encontros Universitarios.INFO: '/site-EU/admin/artistico' route [] {"uid":"41beec4"}
[2019-09-23 16:27:03] Encontros Universitarios.INFO: '/site-EU/admin/artistico' route [] {"uid":"6c4ab37"}
[2019-09-23 16:27:15] Encontros Universitarios.INFO: '/site-EU/admin/artistico_modificacoes' route [] {"uid":"be5cc88"}
[2019-09-23 16:27:15] Encontros Universitarios.INFO: '/site-EU/admin/artistico_modificacoes' route [] {"uid":"be5cc88"}
[2019-09-23 16:27:18] Encontros Universitarios.INFO: '/site-EU/admin/artistico' route [] {"uid":"2e9f3ce"}
[2019-09-23 16:28:51] Encontros Universitarios.INFO: '/site-EU/admin/artistico' route [] {"uid":"ed4d11d"}
[2019-09-23 16:30:55] Encontros Universitarios.INFO: '/site-EU/admin/artistico' route [] {"uid":"914c2b4"}
[2019-09-23 16:30:58] Encontros Universitarios.INFO: '/site-EU/admin/artistico_modificacoes' route [] {"uid":"fd57e0e"}
[2019-09-23 16:30:58] Encontros Universitarios.INFO: '/site-EU/admin/artistico_modificacoes' route [] {"uid":"fd57e0e"}
[2019-09-23 16:31:26] Encontros Universitarios.INFO: '/site-EU/admin/artistico_modificacoes' route [] {"uid":"700b44b"}
[2019-09-23 16:31:26] Encontros Universitarios.INFO: '/site-EU/admin/artistico_modificacoes' route [] {"uid":"700b44b"}
[2019-09-23 16:32:32] Encontros Universitarios.INFO: '/site-EU/admin/artistico' route [] {"uid":"a9b1922"}
[2019-09-23 16:32:34] Encontros Universitarios.INFO: '/site-EU/admin/artistico' route [] {"uid":"f226f0c"}
[2019-09-23 16:32:39] Encontros Universitarios.INFO: '/site-EU/admin/artistico_modificacoes' route [] {"uid":"d1dd782"}
[2019-09-23 16:32:39] Encontros Universitarios.INFO: '/site-EU/admin/artistico_modificacoes' route [] {"uid":"d1dd782"}
[2019-09-23 16:41:17] Encontros Universitarios.INFO: '/site-EU/admin/artistico_modificacoes' route [] {"uid":"1f9b673"}
[2019-09-23 16:41:17] Encontros Universitarios.INFO: '/site-EU/admin/artistico_modificacoes' route [] {"uid":"1f9b673"}
[2019-09-23 16:41:34] Encontros Universitarios.INFO: '/site-EU/' route [] {"uid":"4160cbd"}
[2019-09-23 16:47:08] Encontros Universitarios.INFO: '/site-EU/admin/artistico_modificacoes' route [] {"uid":"68b80bc"}
[2019-09-23 16:47:08] Encontros Universitarios.INFO: '/site-EU/admin/artistico_modificacoes' route [] {"uid":"68b80bc"}
[2019-09-23 16:47:43] Encontros Universitarios.INFO: '/site-EU/admin/artistico_modificacoes' route [] {"uid":"1672cb9"}
[2019-09-23 16:47:43] Encontros Universitarios.INFO: '/site-EU/admin/artistico' route [] {"uid":"ff6a2ec"}
[2019-09-23 16:48:44] Encontros Universitarios.INFO: '/site-EU/admin/artistico' route [] {"uid":"8254d70"}
[2019-09-23 16:49:25] Encontros Universitarios.INFO: '/site-EU/admin/artistico_modificacoes' route [] {"uid":"d955a66"}
[2019-09-23 16:49:25] Encontros Universitarios.INFO: '/site-EU/admin/artistico_modificacoes' route [] {"uid":"d955a66"}
[2019-09-23 16:50:20] Encontros Universitarios.INFO: '/site-EU/admin/artistico_modificacoes' route [] {"uid":"e423a88"}
[2019-09-23 16:50:20] Encontros Universitarios.INFO: '/site-EU/admin/artistico_modificacoes' route [] {"uid":"e423a88"}
[2019-09-23 16:50:20] Encontros Universitarios.INFO: '/site-EU/admin/artistico_modificacoes' route [] {"uid":"9c294c9"}
[2019-09-23 16:50:20] Encontros Universitarios.INFO: '/site-EU/admin/artistico_modificacoes' route [] {"uid":"9c294c9"}
[2019-09-23 16:50:23] Encontros Universitarios.INFO: '/site-EU/admin/artistico' route [] {"uid":"8a1ffff"}
[2019-09-23 16:50:24] Encontros Universitarios.INFO: '/site-EU/admin/artistico' route [] {"uid":"1cb56ce"}
[2019-09-23 16:50:35] Encontros Universitarios.INFO: '/site-EU/admin/artistico' route [] {"uid":"1f7f2cd"}
[2019-09-23 16:50:36] Encontros Universitarios.INFO: '/site-EU/admin/artistico' route [] {"uid":"a68229f"}
[2019-09-23 16:51:13] Encontros Universitarios.INFO: '/site-EU/admin/cursos_oficinas_modificacoes/2' route [] {"uid":"0f634c7"}
[2019-09-23 16:51:13] Encontros Universitarios.INFO: '/site-EU/admin/cursos_oficinas_modificacoes/2' route [] {"uid":"0f634c7"}
[2019-09-23 16:51:20] Encontros Universitarios.INFO: '/site-EU/admin/artistico' route [] {"uid":"4f55a8d"}
[2019-09-23 16:51:32] Encontros Universitarios.INFO: '/site-EU/admin/artistico' route [] {"uid":"dacaa48"}
[2019-09-23 16:51:38] Encontros Universitarios.INFO: '/site-EU/admin/artistico_modificacoes/2' route [] {"uid":"b193045"}
[2019-09-23 16:51:38] Encontros Universitarios.INFO: '/site-EU/admin/artistico_modificacoes/2' route [] {"uid":"b193045"}
[2019-09-23 16:52:38] Encontros Universitarios.INFO: '/site-EU/admin/artistico_modificacoes/2' route [] {"uid":"740db24"}
[2019-09-23 16:52:38] Encontros Universitarios.INFO: '/site-EU/admin/artistico_modificacoes/2' route [] {"uid":"740db24"}
[2019-09-23 16:52:47] Encontros Universitarios.INFO: '/site-EU/admin/artistico_modificacoes/2' route [] {"uid":"cf22d9e"}
[2019-09-23 16:52:47] Encontros Universitarios.INFO: '/site-EU/admin/artistico' route [] {"uid":"3b79275"}
[2019-09-23 16:52:52] Encontros Universitarios.INFO: '/site-EU/admin/artistico_modificacoes/2' route [] {"uid":"3240883"}
[2019-09-23 16:52:52] Encontros Universitarios.INFO: '/site-EU/admin/artistico_modificacoes/2' route [] {"uid":"3240883"}
[2019-09-23 16:53:04] Encontros Universitarios.INFO: '/site-EU/admin/artistico_modificacoes/2' route [] {"uid":"844f77c"}
[2019-09-23 16:53:05] Encontros Universitarios.INFO: '/site-EU/admin/artistico' route [] {"uid":"eda62b2"}
[2019-09-23 16:54:38] Encontros Universitarios.INFO: '/site-EU/admin/artistico' route [] {"uid":"fecbb5f"}
[2019-09-23 16:54:40] Encontros Universitarios.INFO: '/site-EU/admin/artistico' route [] {"uid":"1948d00"}
[2019-09-23 16:54:59] Encontros Universitarios.INFO: '/site-EU/admin/artistico' route [] {"uid":"7423e9d"}
[2019-09-23 16:55:01] Encontros Universitarios.INFO: '/site-EU/admin/artistico' route [] {"uid":"153575c"}
[2019-09-23 16:55:24] Encontros Universitarios.INFO: '/site-EU/admin/artistico_modificacoes/2' route [] {"uid":"5e7876e"}
[2019-09-23 16:55:24] Encontros Universitarios.INFO: '/site-EU/admin/artistico_modificacoes/2' route [] {"uid":"5e7876e"}
[2019-09-23 16:55:50] Encontros Universitarios.INFO: '/site-EU/admin/artistico_modificacoes/2' route [] {"uid":"2a6a460"}
[2019-09-23 16:56:22] Encontros Universitarios.INFO: '/site-EU/admin/artistico_modificacoes/2' route [] {"uid":"82bf282"}
[2019-09-23 16:56:41] Encontros Universitarios.INFO: '/site-EU/admin/artistico_modificacoes/2' route [] {"uid":"92dc87b"}
[2019-09-23 16:57:36] Encontros Universitarios.INFO: '/site-EU/admin/artistico_modificacoes/2' route [] {"uid":"630ff12"}
[2019-09-23 16:57:36] Encontros Universitarios.INFO: '/site-EU/admin/artistico_modificacoes/2' route [] {"uid":"630ff12"}
[2019-09-23 16:57:42] Encontros Universitarios.INFO: '/site-EU/admin/cursos_oficinas' route [] {"uid":"174fe80"}
[2019-09-23 16:57:44] Encontros Universitarios.INFO: '/site-EU/admin/cursos_oficinas_modificacoes/1' route [] {"uid":"8a45456"}
[2019-09-23 16:57:44] Encontros Universitarios.INFO: '/site-EU/admin/cursos_oficinas_modificacoes/1' route [] {"uid":"8a45456"}
[2019-09-23 16:57:51] Encontros Universitarios.INFO: '/site-EU/admin/cursos_oficinas_modificacoes/1' route [] {"uid":"809f429"}
[2019-09-23 17:00:45] Encontros Universitarios.INFO: '/site-EU/admin/cursos_oficinas_modificacoes/1' route [] {"uid":"b588007"}
[2019-09-23 17:01:42] Encontros Universitarios.INFO: '/site-EU/admin/cursos_oficinas_modificacoes/1' route [] {"uid":"3310620"}
[2019-09-23 17:01:42] Encontros Universitarios.INFO: '/site-EU/admin/cursos_oficinas_modificacoes/1' route [] {"uid":"3310620"}
[2019-09-23 17:01:57] Encontros Universitarios.INFO: '/site-EU/admin/artistico' route [] {"uid":"f590cb1"}
[2019-09-23 17:02:01] Encontros Universitarios.INFO: '/site-EU/admin/artistico_modificacoes/2' route [] {"uid":"62e68f8"}
[2019-09-23 17:02:01] Encontros Universitarios.INFO: '/site-EU/admin/artistico_modificacoes/2' route [] {"uid":"62e68f8"}
[2019-09-23 17:02:23] Encontros Universitarios.INFO: '/site-EU/admin/artistico_modificacoes/2' route [] {"uid":"aa79ac1"}
[2019-09-23 17:05:44] Encontros Universitarios.INFO: '/site-EU/admin/artistico_modificacoes/2' route [] {"uid":"0955765"}
[2019-09-23 17:05:44] Encontros Universitarios.INFO: '/site-EU/admin/artistico_modificacoes/2' route [] {"uid":"0955765"}
[2019-09-23 17:06:22] Encontros Universitarios.INFO: '/site-EU/admin/artistico_modificacoes/2' route [] {"uid":"d6b0712"}
[2019-09-23 17:07:16] Encontros Universitarios.INFO: '/site-EU/admin/artistico_modificacoes/2' route [] {"uid":"d4e83ad"}
[2019-09-23 17:07:16] Encontros Universitarios.INFO: '/site-EU/admin/artistico' route [] {"uid":"a16d50e"}
[2019-09-23 17:07:29] Encontros Universitarios.INFO: '/site-EU/admin/artistico_modificacoes/2' route [] {"uid":"f882fe0"}
[2019-09-23 17:07:29] Encontros Universitarios.INFO: '/site-EU/admin/artistico_modificacoes/2' route [] {"uid":"f882fe0"}
[2019-09-23 17:07:42] Encontros Universitarios.INFO: '/site-EU/admin/artistico_modificacoes/2' route [] {"uid":"2eebae9"}
[2019-09-23 17:07:42] Encontros Universitarios.INFO: '/site-EU/admin/artistico' route [] {"uid":"bd542c0"}
[2019-09-23 17:07:46] Encontros Universitarios.INFO: '/site-EU/admin/artistico_modificacoes/2' route [] {"uid":"63bf301"}
[2019-09-23 17:07:46] Encontros Universitarios.INFO: '/site-EU/admin/artistico_modificacoes/2' route [] {"uid":"63bf301"}
[2019-09-23 17:08:32] Encontros Universitarios.INFO: '/site-EU/admin/artistico_modificacoes/2' route [] {"uid":"73ad690"}
[2019-09-23 17:08:32] Encontros Universitarios.INFO: '/site-EU/admin/artistico_modificacoes/2' route [] {"uid":"73ad690"}
[2019-09-23 17:08:57] Encontros Universitarios.INFO: '/site-EU/admin/artistico' route [] {"uid":"ba525ab"}
[2019-09-23 20:17:16] Encontros Universitarios.INFO: '/site-EU/' route [] {"uid":"1be2607"}
[2019-09-23 20:17:20] Encontros Universitarios.INFO: '/site-EU/admin' route [] {"uid":"df383fe"}
[2019-09-23 20:17:23] Encontros Universitarios.INFO: '/site-EU/admin' route [] {"uid":"d493266"}
[2019-09-23 20:17:23] Encontros Universitarios.INFO: '/site-EU/admin/dashboard' route [] {"uid":"22051aa"}
[2019-09-23 20:17:33] Encontros Universitarios.INFO: '/site-EU/admin/cursos_oficinas' route [] {"uid":"3af261e"}
[2019-09-23 20:17:36] Encontros Universitarios.INFO: '/site-EU/admin/cursos_oficinas_modificacoes/1' route [] {"uid":"383127a"}
[2019-09-23 20:17:36] Encontros Universitarios.INFO: '/site-EU/admin/cursos_oficinas_modificacoes/1' route [] {"uid":"383127a"}
[2019-09-23 20:17:44] Encontros Universitarios.INFO: '/site-EU/admin/cursos_oficinas_modificacoes/1' route [] {"uid":"3bac194"}
[2019-09-23 20:20:37] Encontros Universitarios.INFO: '/site-EU/admin/cursos_oficinas_modificacoes/1' route [] {"uid":"ab4d5f0"}
[2019-09-23 20:49:38] Encontros Universitarios.INFO: '/site-EU/admin' route [] {"uid":"4f2dcf9"}
[2019-09-23 20:49:42] Encontros Universitarios.INFO: '/site-EU/admin' route [] {"uid":"e8d8f67"}
[2019-09-23 20:49:43] Encontros Universitarios.INFO: '/site-EU/admin/dashboard' route [] {"uid":"6ebebaf"}
[2019-09-23 20:49:47] Encontros Universitarios.INFO: '/site-EU/admin/cursos_oficinas' route [] {"uid":"7b4ff54"}
[2019-09-23 20:49:50] Encontros Universitarios.INFO: '/site-EU/admin/cursos_oficinas_modificacoes/1' route [] {"uid":"3854a54"}
[2019-09-23 20:49:50] Encontros Universitarios.INFO: '/site-EU/admin/cursos_oficinas_modificacoes/1' route [] {"uid":"3854a54"}
[2019-09-23 20:49:58] Encontros Universitarios.INFO: '/site-EU/admin/cursos_oficinas_modificacoes/1' route [] {"uid":"bb798f9"}
[2019-09-24 12:33:43] Encontros Universitarios.INFO: '/site-EU/' route [] {"uid":"77b597b"}
[2019-09-24 12:36:11] Encontros Universitarios.INFO: '/site-EU/' route [] {"uid":"558aca9"}
[2019-09-25 08:15:57] Encontros Universitarios.INFO: '/site-EU/' route [] {"uid":"45909e8"}
[2019-09-25 08:16:01] Encontros Universitarios.INFO: '/site-EU/admin' route [] {"uid":"c732731"}
[2019-09-25 08:16:04] Encontros Universitarios.INFO: '/site-EU/admin' route [] {"uid":"ae9624f"}
[2019-09-25 08:16:04] Encontros Universitarios.INFO: '/site-EU/admin/dashboard' route [] {"uid":"ff5dc69"}
[2019-09-25 08:16:09] Encontros Universitarios.INFO: '/site-EU/admin/artistico' route [] {"uid":"0478e26"}
[2019-09-25 08:16:13] Encontros Universitarios.INFO: '/site-EU/admin/artistico/del/2' route [] {"uid":"c4a848d"}
